0 info it worked if it ends with ok
1 verbose cli [ 'C:\\Program Files\\nodejs\\node.exe',
1 verbose cli   'C:\\Program Files\\nodejs\\node_modules\\npm\\bin\\npm-cli.js',
1 verbose cli   'install',
1 verbose cli   '-g',
1 verbose cli   'bower',
1 verbose cli   'to',
1 verbose cli   'update.' ]
2 info using npm@2.14.4
3 info using node@v4.1.2
4 verbose install initial load of D:\Users\Tracer\AppData\Roaming\npm\package.json
5 verbose readDependencies loading dependencies from D:\Users\Tracer\AppData\Roaming\npm\package.json
6 silly cache add args [ 'bower', null ]
7 verbose cache add spec bower
8 silly cache add args [ 'to', null ]
9 verbose cache add spec to
10 silly cache add args [ 'update.', null ]
11 verbose cache add spec update.
12 silly cache add parsed spec Result {
12 silly cache add   raw: 'bower',
12 silly cache add   scope: null,
12 silly cache add   name: 'bower',
12 silly cache add   rawSpec: '',
12 silly cache add   spec: '*',
12 silly cache add   type: 'range' }
13 silly addNamed bower@*
14 verbose addNamed "*" is a valid semver range for bower
15 silly addNameRange { name: 'bower', range: '*', hasData: false }
16 silly mapToRegistry name bower
17 silly mapToRegistry using default registry
18 silly mapToRegistry registry https://registry.npmjs.org/
19 silly mapToRegistry uri https://registry.npmjs.org/bower
20 verbose addNameRange registry:https://registry.npmjs.org/bower not in flight; fetching
21 silly cache add parsed spec Result {
21 silly cache add   raw: 'to',
21 silly cache add   scope: null,
21 silly cache add   name: 'to',
21 silly cache add   rawSpec: '',
21 silly cache add   spec: '*',
21 silly cache add   type: 'range' }
22 silly addNamed to@*
23 verbose addNamed "*" is a valid semver range for to
24 silly addNameRange { name: 'to', range: '*', hasData: false }
25 silly mapToRegistry name to
26 silly mapToRegistry using default registry
27 silly mapToRegistry registry https://registry.npmjs.org/
28 silly mapToRegistry uri https://registry.npmjs.org/to
29 verbose addNameRange registry:https://registry.npmjs.org/to not in flight; fetching
30 silly cache add parsed spec Result {
30 silly cache add   raw: 'update.',
30 silly cache add   scope: null,
30 silly cache add   name: 'update.',
30 silly cache add   rawSpec: '',
30 silly cache add   spec: '*',
30 silly cache add   type: 'range' }
31 silly addNamed update.@*
32 verbose addNamed "*" is a valid semver range for update.
33 silly addNameRange { name: 'update.', range: '*', hasData: false }
34 silly mapToRegistry name update.
35 silly mapToRegistry using default registry
36 silly mapToRegistry registry https://registry.npmjs.org/
37 silly mapToRegistry uri https://registry.npmjs.org/update.
38 verbose addNameRange registry:https://registry.npmjs.org/update. not in flight; fetching
39 verbose request uri https://registry.npmjs.org/update.
40 verbose request no auth needed
41 info attempt registry request try #1 at 00:14:43
42 verbose request id 2d95d5aaaa9d9384
43 http request GET https://registry.npmjs.org/update.
44 verbose request uri https://registry.npmjs.org/to
45 verbose request no auth needed
46 info attempt registry request try #1 at 00:14:43
47 verbose etag "C0CKNCOJZFPGGLNP1OSQMTNDW"
48 http request GET https://registry.npmjs.org/to
49 verbose request uri https://registry.npmjs.org/bower
50 verbose request no auth needed
51 info attempt registry request try #1 at 00:14:43
52 verbose etag "IHKBUPL0V7X1A6KBRSD62UIU"
53 http request GET https://registry.npmjs.org/bower
54 http 404 https://registry.npmjs.org/update.
55 verbose headers { 'content-type': 'application/json',
55 verbose headers   'cache-control': 'max-age=0',
55 verbose headers   'content-length': '2',
55 verbose headers   'accept-ranges': 'bytes',
55 verbose headers   date: 'Sun, 03 Jan 2016 18:14:44 GMT',
55 verbose headers   via: '1.1 varnish',
55 verbose headers   age: '0',
55 verbose headers   connection: 'keep-alive',
55 verbose headers   'x-served-by': 'cache-fra1231-FRA',
55 verbose headers   'x-cache': 'MISS',
55 verbose headers   'x-cache-hits': '0',
55 verbose headers   'x-timer': 'S1451844883.811609,VS0,VE248' }
56 silly get cb [ 404,
56 silly get   { 'content-type': 'application/json',
56 silly get     'cache-control': 'max-age=0',
56 silly get     'content-length': '2',
56 silly get     'accept-ranges': 'bytes',
56 silly get     date: 'Sun, 03 Jan 2016 18:14:44 GMT',
56 silly get     via: '1.1 varnish',
56 silly get     age: '0',
56 silly get     connection: 'keep-alive',
56 silly get     'x-served-by': 'cache-fra1231-FRA',
56 silly get     'x-cache': 'MISS',
56 silly get     'x-cache-hits': '0',
56 silly get     'x-timer': 'S1451844883.811609,VS0,VE248' } ]
57 http 200 https://registry.npmjs.org/bower
58 silly get cb [ 200,
58 silly get   { server: 'CouchDB/1.5.0 (Erlang OTP/R16B03)',
58 silly get     etag: '"BPFNHBH6PE5ORNG3AQJ0KD3AN"',
58 silly get     'content-type': 'application/json',
58 silly get     'cache-control': 'max-age=300',
58 silly get     'content-length': '164999',
58 silly get     'accept-ranges': 'bytes',
58 silly get     date: 'Sun, 03 Jan 2016 18:14:43 GMT',
58 silly get     via: '1.1 varnish',
58 silly get     age: '27',
58 silly get     connection: 'keep-alive',
58 silly get     'x-served-by': 'cache-fra1227-FRA',
58 silly get     'x-cache': 'HIT',
58 silly get     'x-cache-hits': '1',
58 silly get     'x-timer': 'S1451844883.809847,VS0,VE1',
58 silly get     vary: 'Accept' } ]
59 verbose get saving bower to D:\Users\Tracer\AppData\Roaming\npm-cache\registry.npmjs.org\bower\.cache.json
60 silly addNameRange number 2 { name: 'bower', range: '*', hasData: true }
61 silly addNameRange versions [ 'bower',
61 silly addNameRange   [ '0.1.0',
61 silly addNameRange     '0.1.2',
61 silly addNameRange     '0.1.3',
61 silly addNameRange     '0.2.0',
61 silly addNameRange     '0.3.0',
61 silly addNameRange     '0.3.1',
61 silly addNameRange     '0.3.2',
61 silly addNameRange     '0.4.0',
61 silly addNameRange     '0.5.0',
61 silly addNameRange     '0.5.1',
61 silly addNameRange     '0.6.0',
61 silly addNameRange     '0.6.1',
61 silly addNameRange     '0.6.2',
61 silly addNameRange     '0.6.3',
61 silly addNameRange     '0.6.4',
61 silly addNameRange     '0.6.5',
61 silly addNameRange     '0.6.6',
61 silly addNameRange     '0.6.7',
61 silly addNameRange     '0.6.8',
61 silly addNameRange     '0.7.0',
61 silly addNameRange     '0.7.1',
61 silly addNameRange     '0.8.0',
61 silly addNameRange     '0.8.1',
61 silly addNameRange     '0.8.2',
61 silly addNameRange     '0.8.3',
61 silly addNameRange     '0.8.4',
61 silly addNameRange     '0.8.5',
61 silly addNameRange     '0.8.6',
61 silly addNameRange     '0.9.0',
61 silly addNameRange     '0.9.1',
61 silly addNameRange     '0.9.2',
61 silly addNameRange     '0.10.0',
61 silly addNameRange     '1.0.0',
61 silly addNameRange     '1.0.1',
61 silly addNameRange     '1.0.2',
61 silly addNameRange     '1.0.3',
61 silly addNameRange     '1.1.0',
61 silly addNameRange     '1.1.1',
61 silly addNameRange     '1.1.2',
61 silly addNameRange     '1.2.0',
61 silly addNameRange     '1.2.1',
61 silly addNameRange     '1.2.2',
61 silly addNameRange     '1.2.3',
61 silly addNameRange     '1.2.4',
61 silly addNameRange     '1.2.5',
61 silly addNameRange     '1.2.6',
61 silly addNameRange     '1.2.7',
61 silly addNameRange     '1.2.8',
61 silly addNameRange     '1.3.0',
61 silly addNameRange     '1.3.1',
61 silly addNameRange     '1.3.2',
61 silly addNameRange     '1.3.3',
61 silly addNameRange     '1.3.4',
61 silly addNameRange     '1.3.5',
61 silly addNameRange     '1.3.6',
61 silly addNameRange     '1.3.7',
61 silly addNameRange     '1.3.8',
61 silly addNameRange     '1.3.9',
61 silly addNameRange     '1.3.10',
61 silly addNameRange     '1.3.11',
61 silly addNameRange     '1.3.12',
61 silly addNameRange     '1.4.0',
61 silly addNameRange     '1.4.1',
61 silly addNameRange     '1.5.0',
61 silly addNameRange     '1.5.1',
61 silly addNameRange     '1.5.2',
61 silly addNameRange     '1.5.3',
61 silly addNameRange     '1.6.2',
61 silly addNameRange     '1.6.3',
61 silly addNameRange     '1.6.4',
61 silly addNameRange     '1.6.5',
61 silly addNameRange     '1.5.4',
61 silly addNameRange     '1.4.2',
61 silly addNameRange     '1.6.6',
61 silly addNameRange     '1.6.7',
61 silly addNameRange     '1.6.8',
61 silly addNameRange     '1.6.9',
61 silly addNameRange     '1.7.0',
61 silly addNameRange     '1.7.1',
61 silly addNameRange     '1.7.2' ] ]
62 silly addNamed bower@1.7.2
63 verbose addNamed "1.7.2" is a plain semver version for bower
64 silly mapToRegistry name bower
65 silly mapToRegistry using default registry
66 silly mapToRegistry registry https://registry.npmjs.org/
67 silly mapToRegistry uri https://registry.npmjs.org/bower
68 verbose addRemoteTarball https://registry.npmjs.org/bower/-/bower-1.7.2.tgz not in flight; adding
69 verbose addRemoteTarball [ 'https://registry.npmjs.org/bower/-/bower-1.7.2.tgz',
69 verbose addRemoteTarball   'b04228f9970f11777017e64ae39d71f9346c9575' ]
70 info retry fetch attempt 1 at 00:14:44
71 info attempt registry request try #1 at 00:14:44
72 http fetch GET https://registry.npmjs.org/bower/-/bower-1.7.2.tgz
73 http 304 https://registry.npmjs.org/to
74 silly get cb [ 304,
74 silly get   { date: 'Sun, 03 Jan 2016 18:14:43 GMT',
74 silly get     via: '1.1 varnish',
74 silly get     'cache-control': 'max-age=300',
74 silly get     etag: '"C0CKNCOJZFPGGLNP1OSQMTNDW"',
74 silly get     age: '0',
74 silly get     connection: 'keep-alive',
74 silly get     'x-served-by': 'cache-fra1237-FRA',
74 silly get     'x-cache': 'HIT',
74 silly get     'x-cache-hits': '1',
74 silly get     'x-timer': 'S1451844883.818292,VS0,VE599',
74 silly get     vary: 'Accept' } ]
75 verbose etag https://registry.npmjs.org/to from cache
76 verbose get saving to to D:\Users\Tracer\AppData\Roaming\npm-cache\registry.npmjs.org\to\.cache.json
77 silly addNameRange number 2 { name: 'to', range: '*', hasData: true }
78 silly addNameRange versions [ 'to',
78 silly addNameRange   [ '0.0.1',
78 silly addNameRange     '0.0.2',
78 silly addNameRange     '0.0.3',
78 silly addNameRange     '0.1.0',
78 silly addNameRange     '0.1.1',
78 silly addNameRange     '0.1.2',
78 silly addNameRange     '0.2.0',
78 silly addNameRange     '0.2.1',
78 silly addNameRange     '0.2.2',
78 silly addNameRange     '0.2.3',
78 silly addNameRange     '0.2.4',
78 silly addNameRange     '0.2.5',
78 silly addNameRange     '0.2.6',
78 silly addNameRange     '0.2.7',
78 silly addNameRange     '0.2.8',
78 silly addNameRange     '0.2.9' ] ]
79 silly addNamed to@0.2.9
80 verbose addNamed "0.2.9" is a plain semver version for to
81 silly cache afterAdd to@0.2.9
82 verbose afterAdd D:\Users\Tracer\AppData\Roaming\npm-cache\to\0.2.9\package\package.json not in flight; writing
83 verbose afterAdd D:\Users\Tracer\AppData\Roaming\npm-cache\to\0.2.9\package\package.json written
84 http fetch 200 https://registry.npmjs.org/bower/-/bower-1.7.2.tgz
85 silly fetchAndShaCheck shasum b04228f9970f11777017e64ae39d71f9346c9575
86 verbose addTmpTarball D:\Users\Tracer\AppData\Local\Temp\npm-7576-1cf6a7ee\registry.npmjs.org\bower\-\bower-1.7.2.tgz not in flight; adding
87 verbose addTmpTarball already have metadata; skipping unpack for bower@1.7.2
88 silly cache afterAdd bower@1.7.2
89 verbose afterAdd D:\Users\Tracer\AppData\Roaming\npm-cache\bower\1.7.2\package\package.json not in flight; writing
90 verbose afterAdd D:\Users\Tracer\AppData\Roaming\npm-cache\bower\1.7.2\package\package.json written
91 verbose stack Error: Registry returned 404 for GET on https://registry.npmjs.org/update.
91 verbose stack     at makeError (C:\Program Files\nodejs\node_modules\npm\node_modules\npm-registry-client\lib\request.js:263:12)
91 verbose stack     at CachingRegistryClient.<anonymous> (C:\Program Files\nodejs\node_modules\npm\node_modules\npm-registry-client\lib\request.js:241:14)
91 verbose stack     at Request._callback (C:\Program Files\nodejs\node_modules\npm\node_modules\npm-registry-client\lib\request.js:171:14)
91 verbose stack     at Request.self.callback (C:\Program Files\nodejs\node_modules\npm\node_modules\request\request.js:198:22)
91 verbose stack     at emitTwo (events.js:87:13)
91 verbose stack     at Request.emit (events.js:172:7)
91 verbose stack     at Request.<anonymous> (C:\Program Files\nodejs\node_modules\npm\node_modules\request\request.js:1073:14)
91 verbose stack     at emitOne (events.js:82:20)
91 verbose stack     at Request.emit (events.js:169:7)
91 verbose stack     at IncomingMessage.<anonymous> (C:\Program Files\nodejs\node_modules\npm\node_modules\request\request.js:1019:12)
92 verbose statusCode 404
93 verbose pkgid update.
94 verbose cwd C:\xampp\htdocs\erp\web
95 error Windows_NT 6.1.7601
96 error argv "C:\\Program Files\\nodejs\\node.exe" "C:\\Program Files\\nodejs\\node_modules\\npm\\bin\\npm-cli.js" "install" "-g" "bower" "to" "update."
97 error node v4.1.2
98 error npm  v2.14.4
99 error code E404
100 error 404 Registry returned 404 for GET on https://registry.npmjs.org/update.
100 error 404
100 error 404 'update.' is not in the npm registry.
100 error 404 You should bug the author to publish it (or use the name yourself!)
100 error 404
100 error 404 Note that you can also install from a
100 error 404 tarball, folder, http url, or git url.
101 verbose exit [ 1, true ]
